#
# There is insufficient memory for the Java Runtime Environment to continue.
# Native memory allocation (malloc) failed to allocate 1252016 bytes for Chunk::new
# Possible reasons:
#   The system is out of physical RAM or swap space
#   The process is running with CompressedOops enabled, and the Java Heap may be blocking the growth of the native heap
# Possible solutions:
#   Reduce memory load on the system
#   Increase physical memory or swap space
#   Check if swap backing store is full
#   Decrease Java heap size (-Xmx/-Xms)
#   Decrease number of Java threads
#   Decrease Java thread stack sizes (-Xss)
#   Set larger code cache with -XX:ReservedCodeCacheSize=
#   JVM is running with Unscaled Compressed Oops mode in which the Java heap is
#     placed in the first 4GB address space. The Java Heap base address is the
#     maximum limit for the native heap growth. Please use -XX:HeapBaseMinAddress
#     to set the Java Heap base and to place the Java Heap above 4GB virtual address.
# This output file may be truncated or incomplete.
#
#  Out of Memory Error (allocation.cpp:389), pid=10076, tid=0x0000000000005824
#
# JRE version: OpenJDK Runtime Environment (8.0_242-b01) (build 1.8.0_242-release-1644-b01)
# Java VM: OpenJDK 64-Bit Server VM (25.242-b01 mixed mode windows-amd64 compressed oops)
# Failed to write core dump. Minidumps are not enabled by default on client versions of Windows
#

---------------  T H R E A D  ---------------

Current thread (0x000000001a025800):  JavaThread "C2 CompilerThread1" daemon [_thread_in_native, id=22564, stack(0x000000001a920000,0x000000001aa20000)]

Stack: [0x000000001a920000,0x000000001aa20000]
[error occurred during error reporting (printing stack bounds), id 0xc0000005]

Native frames: (J=compiled Java code, j=interpreted, Vv=VM code, C=native code)


Current CompileTask:
C2:  48600 13320       4       com.android.tools.r8.s.b.k0::a (756 bytes)


---------------  P R O C E S S  ---------------

Java Threads: ( => current thread )
  0x000000001b508000 JavaThread "WorkerExecutor Queue Thread 3" [_thread_blocked, id=20592, stack(0x000000002d6e0000,0x000000002d7e0000)]
  0x000000001b507000 JavaThread "WorkerExecutor Queue Thread 2" [_thread_blocked, id=23528, stack(0x000000002d3e0000,0x000000002d4e0000)]
  0x000000001b4fd800 JavaThread "Cache worker for execution history cache (C:\Users\dnjsd\AndroidStudioProjects\hackerthonProject\.gradle\6.5\executionHistory)" [_thread_blocked, id=10876, stack(0x000000002cbe0000,0x000000002cce0000)]
  0x000000001b504000 JavaThread "Execution worker for ':' Thread 7" [_thread_blocked, id=3640, stack(0x000000002c9e0000,0x000000002cae0000)]
  0x000000001b502000 JavaThread "Execution worker for ':' Thread 6" [_thread_blocked, id=11692, stack(0x000000002c8e0000,0x000000002c9e0000)]
  0x000000001b4fe000 JavaThread "Execution worker for ':' Thread 5" [_thread_blocked, id=22532, stack(0x000000002c7e0000,0x000000002c8e0000)]
  0x000000001b4ff000 JavaThread "Execution worker for ':' Thread 4" [_thread_blocked, id=14016, stack(0x000000002c6e0000,0x000000002c7e0000)]
  0x000000001b503800 JavaThread "Execution worker for ':' Thread 3" [_thread_blocked, id=20052, stack(0x000000002c5e0000,0x000000002c6e0000)]
  0x000000001b501000 JavaThread "Execution worker for ':' Thread 2" [_thread_blocked, id=18416, stack(0x000000002c4e0000,0x000000002c5e0000)]
  0x000000001b500800 JavaThread "Execution worker for ':'" [_thread_blocked, id=13704, stack(0x000000002c3e0000,0x000000002c4e0000)]
  0x000000001b4fc000 JavaThread "Cache worker for file content cache (C:\Users\dnjsd\AndroidStudioProjects\hackerthonProject\.gradle\6.5\fileContent)" [_thread_blocked, id=9256, stack(0x000000002af10000,0x000000002b010000)]
  0x000000001b4fc800 JavaThread "Memory manager" [_thread_blocked, id=1448, stack(0x000000002ae10000,0x000000002af10000)]
  0x000000001b4ff800 JavaThread "Cache worker for Build Output Cleanup Cache (C:\Users\dnjsd\AndroidStudioProjects\hackerthonProject\.gradle\buildOutputCleanup)" [_thread_blocked, id=21532, stack(0x0000000028d40000,0x0000000028e40000)]
  0x000000001b46b800 JavaThread "jar transforms Thread 94" [_thread_blocked, id=20232, stack(0x0000000028a40000,0x0000000028b40000)]
  0x000000001b46c000 JavaThread "jar transforms Thread 93" [_thread_blocked, id=19536, stack(0x0000000028940000,0x0000000028a40000)]
  0x000000001b46a000 JavaThread "jar transforms Thread 92" [_thread_blocked, id=16640, stack(0x0000000028840000,0x0000000028940000)]
  0x000000001b469000 JavaThread "jar transforms Thread 91" [_thread_blocked, id=15772, stack(0x0000000028740000,0x0000000028840000)]
  0x000000001b468800 JavaThread "jar transforms Thread 90" [_thread_blocked, id=12760, stack(0x0000000028640000,0x0000000028740000)]
  0x000000001b467800 JavaThread "jar transforms Thread 89" [_thread_blocked, id=3392, stack(0x0000000028540000,0x0000000028640000)]
  0x000000001b46a800 JavaThread "jar transforms Thread 88" [_thread_blocked, id=23120, stack(0x0000000028440000,0x0000000028540000)]
  0x000000001b46d800 JavaThread "jar transforms Thread 87" [_thread_blocked, id=18580, stack(0x0000000028340000,0x0000000028440000)]
  0x000000001b46e800 JavaThread "jar transforms Thread 86" [_thread_blocked, id=4608, stack(0x0000000028240000,0x0000000028340000)]
  0x000000001b460000 JavaThread "jar transforms Thread 85" [_thread_blocked, id=19784, stack(0x0000000028140000,0x0000000028240000)]
  0x000000001b461800 JavaThread "jar transforms Thread 84" [_thread_blocked, id=21536, stack(0x0000000028040000,0x0000000028140000)]
  0x000000001b467000 JavaThread "jar transforms Thread 83" [_thread_blocked, id=11136, stack(0x0000000027f40000,0x0000000028040000)]
  0x000000001b461000 JavaThread "jar transforms Thread 82" [_thread_blocked, id=19928, stack(0x0000000027e40000,0x0000000027f40000)]
  0x000000001b45f800 JavaThread "jar transforms Thread 81" [_thread_blocked, id=444, stack(0x0000000027d40000,0x0000000027e40000)]
  0x000000001b463000 JavaThread "jar transforms Thread 80" [_thread_blocked, id=18852, stack(0x0000000027c40000,0x0000000027d40000)]
  0x000000001b462800 JavaThread "jar transforms Thread 79" [_thread_blocked, id=7092, stack(0x0000000027b40000,0x0000000027c40000)]
  0x000000001b466000 JavaThread "jar transforms Thread 78" [_thread_blocked, id=9572, stack(0x0000000027a40000,0x0000000027b40000)]
  0x000000001b465800 JavaThread "jar transforms Thread 77" [_thread_blocked, id=5220, stack(0x0000000027940000,0x0000000027a40000)]
  0x000000001b464800 JavaThread "jar transforms Thread 76" [_thread_blocked, id=11780, stack(0x0000000027840000,0x0000000027940000)]
  0x000000001b464000 JavaThread "jar transforms Thread 75" [_thread_blocked, id=15436, stack(0x0000000027740000,0x0000000027840000)]
  0x000000001d767800 JavaThread "jar transforms Thread 74" [_thread_blocked, id=10792, stack(0x0000000027640000,0x0000000027740000)]
  0x000000001d76b000 JavaThread "jar transforms Thread 73" [_thread_blocked, id=15780, stack(0x0000000027540000,0x0000000027640000)]
  0x000000001d766800 JavaThread "jar transforms Thread 72" [_thread_blocked, id=11028, stack(0x0000000027440000,0x0000000027540000)]
  0x000000001d763800 JavaThread "jar transforms Thread 71" [_thread_blocked, id=18412, stack(0x0000000027340000,0x0000000027440000)]
  0x000000001d764800 JavaThread "jar transforms Thread 70" [_thread_blocked, id=10364, stack(0x0000000027240000,0x0000000027340000)]
  0x000000001d766000 JavaThread "jar transforms Thread 69" [_thread_blocked, id=8416, stack(0x0000000027140000,0x0000000027240000)]
  0x000000001d765000 JavaThread "jar transforms Thread 68" [_thread_blocked, id=19132, stack(0x0000000027040000,0x0000000027140000)]
  0x000000001d76a800 JavaThread "jar transforms Thread 67" [_thread_blocked, id=18484, stack(0x0000000026f40000,0x0000000027040000)]
  0x000000001d769800 JavaThread "jar transforms Thread 66" [_thread_blocked, id=9496, stack(0x0000000026e40000,0x0000000026f40000)]
  0x000000001d769000 JavaThread "jar transforms Thread 65" [_thread_blocked, id=20288, stack(0x0000000026d40000,0x0000000026e40000)]
  0x000000001d768000 JavaThread "jar transforms Thread 64" [_thread_blocked, id=15328, stack(0x0000000026c40000,0x0000000026d40000)]
  0x000000001d75c000 JavaThread "jar transforms Thread 63" [_thread_blocked, id=8300, stack(0x0000000026b40000,0x0000000026c40000)]
  0x000000001d763000 JavaThread "jar transforms Thread 62" [_thread_blocked, id=13864, stack(0x0000000026a40000,0x0000000026b40000)]
  0x000000001d760800 JavaThread "jar transforms Thread 61" [_thread_blocked, id=15016, stack(0x0000000026940000,0x0000000026a40000)]
  0x000000001d761800 JavaThread "jar transforms Thread 60" [_thread_blocked, id=15852, stack(0x0000000026840000,0x0000000026940000)]
  0x000000001d762000 JavaThread "jar transforms Thread 59" [_thread_blocked, id=17660, stack(0x0000000026740000,0x0000000026840000)]
  0x000000001d760000 JavaThread "jar transforms Thread 58" [_thread_blocked, id=4368, stack(0x0000000026640000,0x0000000026740000)]
  0x000000001d75e800 JavaThread "jar transforms Thread 57" [_thread_blocked, id=3344, stack(0x0000000026540000,0x0000000026640000)]
  0x000000001d75f000 JavaThread "jar transforms Thread 56" [_thread_blocked, id=20172, stack(0x0000000026440000,0x0000000026540000)]
  0x000000001d75d800 JavaThread "jar transforms Thread 55" [_thread_blocked, id=3604, stack(0x0000000026340000,0x0000000026440000)]
  0x000000001d75d000 JavaThread "jar transforms Thread 54" [_thread_blocked, id=13580, stack(0x0000000026240000,0x0000000026340000)]
  0x000000001fcc4000 JavaThread "jar transforms Thread 53" [_thread_blocked, id=17976, stack(0x0000000026140000,0x0000000026240000)]
  0x000000001fcc2800 JavaThread "jar transforms Thread 52" [_thread_blocked, id=16352, stack(0x0000000026040000,0x0000000026140000)]
  0x000000001fcc2000 JavaThread "jar transforms Thread 51" [_thread_blocked, id=2172, stack(0x0000000025f40000,0x0000000026040000)]
  0x000000001fcc6800 JavaThread "jar transforms Thread 50" [_thread_blocked, id=19756, stack(0x0000000025e40000,0x0000000025f40000)]
  0x000000001fcc5800 JavaThread "jar transforms Thread 49" [_thread_blocked, id=14952, stack(0x0000000025d40000,0x0000000025e40000)]
  0x000000001fcc5000 JavaThread "jar transforms Thread 48" [_thread_blocked, id=13024, stack(0x0000000025c40000,0x0000000025d40000)]
  0x000000001fcc1000 JavaThread "jar transforms Thread 47" [_thread_blocked, id=9176, stack(0x0000000025b40000,0x0000000025c40000)]
  0x000000001fcc0800 JavaThread "jar transforms Thread 46" [_thread_blocked, id=14492, stack(0x0000000025a40000,0x0000000025b40000)]
  0x000000001fcbf800 JavaThread "jar transforms Thread 45" [_thread_blocked, id=19852, stack(0x0000000025940000,0x0000000025a40000)]
  0x000000001fcc3800 JavaThread "jar transforms Thread 44" [_thread_blocked, id=20988, stack(0x0000000025840000,0x0000000025940000)]
  0x000000001fcb9000 JavaThread "jar transforms Thread 43" [_thread_blocked, id=14708, stack(0x0000000025740000,0x0000000025840000)]
  0x000000001fcb8000 JavaThread "jar transforms Thread 42" [_thread_blocked, id=8548, stack(0x0000000025640000,0x0000000025740000)]
  0x000000001fcbf000 JavaThread "jar transforms Thread 41" [_thread_blocked, id=13564, stack(0x0000000025540000,0x0000000025640000)]
  0x000000001fcb7800 JavaThread "jar transforms Thread 40" [_thread_blocked, id=17856, stack(0x0000000025440000,0x0000000025540000)]
  0x000000001fcbe000 JavaThread "jar transforms Thread 39" [_thread_blocked, id=2308, stack(0x0000000025340000,0x0000000025440000)]
  0x000000001fcbd800 JavaThread "jar transforms Thread 38" [_thread_blocked, id=9872, stack(0x0000000025240000,0x0000000025340000)]
  0x000000001fcbb000 JavaThread "jar transforms Thread 37" [_thread_blocked, id=13068, stack(0x0000000025140000,0x0000000025240000)]
  0x000000001fcba800 JavaThread "jar transforms Thread 36" [_thread_blocked, id=6176, stack(0x0000000025040000,0x0000000025140000)]
  0x000000001fcb9800 JavaThread "jar transforms Thread 35" [_thread_blocked, id=6400, stack(0x0000000024f40000,0x0000000025040000)]
  0x000000001fcbc800 JavaThread "jar transforms Thread 34" [_thread_blocked, id=5396, stack(0x0000000024e40000,0x0000000024f40000)]
  0x000000001fcbc000 JavaThread "jar transforms Thread 33" [_thread_blocked, id=8692, stack(0x0000000024d40000,0x0000000024e40000)]
  0x000000001d3a2000 JavaThread "jar transforms Thread 32" [_thread_blocked, id=18104, stack(0x0000000024c40000,0x0000000024d40000)]
  0x000000001d3a2800 JavaThread "jar transforms Thread 31" [_thread_blocked, id=21652, stack(0x0000000024b40000,0x0000000024c40000)]
  0x000000001d3a1000 JavaThread "jar transforms Thread 30" [_thread_blocked, id=17020, stack(0x0000000024a40000,0x0000000024b40000)]
  0x000000001d3a3800 JavaThread "jar transforms Thread 29" [_thread_blocked, id=4196, stack(0x0000000024940000,0x0000000024a40000)]
  0x000000001d3a0800 JavaThread "jar transforms Thread 28" [_thread_blocked, id=23308, stack(0x0000000024840000,0x0000000024940000)]
  0x000000001d39f800 JavaThread "jar transforms Thread 27" [_thread_blocked, id=16452, stack(0x0000000024740000,0x0000000024840000)]
  0x000000001d398000 JavaThread "jar transforms Thread 26" [_thread_blocked, id=18988, stack(0x0000000024640000,0x0000000024740000)]
  0x000000001d39e800 JavaThread "jar transforms Thread 25" [_thread_blocked, id=17972, stack(0x0000000024540000,0x0000000024640000)]
  0x000000001d397000 JavaThread "jar transforms Thread 24" [_thread_blocked, id=19664, stack(0x0000000024440000,0x0000000024540000)]
  0x000000001d39e000 JavaThread "jar transforms Thread 23" [_thread_blocked, id=20976, stack(0x0000000024340000,0x0000000024440000)]
  0x000000001d39d000 JavaThread "jar transforms Thread 22" [_thread_blocked, id=7824, stack(0x0000000024240000,0x0000000024340000)]
  0x000000001d396800 JavaThread "jar transforms Thread 21" [_thread_blocked, id=10324, stack(0x0000000024140000,0x0000000024240000)]
  0x000000001d39c800 JavaThread "jar transforms Thread 20" [_thread_blocked, id=23012, stack(0x0000000024040000,0x0000000024140000)]
  0x000000001d39b000 JavaThread "jar transforms Thread 19" [_thread_blocked, id=16344, stack(0x0000000023f40000,0x0000000024040000)]
  0x000000001d395000 JavaThread "jar transforms Thread 18" [_thread_blocked, id=20256, stack(0x0000000023e40000,0x0000000023f40000)]
  0x000000001d395800 JavaThread "jar transforms Thread 17" [_thread_blocked, id=10788, stack(0x0000000023d40000,0x0000000023e40000)]
  0x000000001d399800 JavaThread "jar transforms Thread 16" [_thread_blocked, id=15092, stack(0x0000000023c40000,0x0000000023d40000)]
  0x000000001d39b800 JavaThread "jar transforms Thread 15" [_thread_blocked, id=21704, stack(0x0000000023b40000,0x0000000023c40000)]
  0x000000001d394000 JavaThread "jar transforms Thread 14" [_thread_blocked, id=4884, stack(0x0000000023a40000,0x0000000023b40000)]
  0x000000001d393800 JavaThread "jar transforms Thread 13" [_thread_blocked, id=3968, stack(0x0000000023940000,0x0000000023a40000)]
  0x000000001d398800 JavaThread "jar transforms Thread 12" [_thread_blocked, id=21860, stack(0x0000000023840000,0x0000000023940000)]
  0x000000001d39a000 JavaThread "jar transforms Thread 11" [_thread_blocked, id=6868, stack(0x0000000023740000,0x0000000023840000)]
  0x000000001f26b800 JavaThread "jar transforms Thread 10" [_thread_blocked, id=21148, stack(0x0000000023640000,0x0000000023740000)]
  0x000000001f264000 JavaThread "jar transforms Thread 9" [_thread_blocked, id=19232, stack(0x0000000023540000,0x0000000023640000)]
  0x000000001f268000 JavaThread "jar transforms Thread 8" [_thread_blocked, id=16072, stack(0x0000000023440000,0x0000000023540000)]
  0x000000001f26b000 JavaThread "jar transforms Thread 7" [_thread_blocked, id=13860, stack(0x0000000023340000,0x0000000023440000)]
  0x000000001f269800 JavaThread "jar transforms Thread 6" [_thread_blocked, id=21284, stack(0x0000000023240000,0x0000000023340000)]
  0x000000001f267000 JavaThread "jar transforms Thread 5" [_thread_blocked, id=22432, stack(0x0000000023140000,0x0000000023240000)]
  0x000000001f268800 JavaThread "jar transforms Thread 4" [_thread_blocked, id=14728, stack(0x0000000023040000,0x0000000023140000)]
  0x000000001f26a000 JavaThread "jar transforms Thread 3" [_thread_blocked, id=16868, stack(0x0000000022f40000,0x0000000023040000)]
  0x000000001f266800 JavaThread "jar transforms Thread 2" [_thread_blocked, id=18528, stack(0x0000000022e40000,0x0000000022f40000)]
  0x000000001f260800 JavaThread "Build operations Thread 8" [_thread_blocked, id=20560, stack(0x0000000022d40000,0x0000000022e40000)]
  0x000000001f262000 JavaThread "Build operations Thread 7" [_thread_blocked, id=13408, stack(0x0000000022c40000,0x0000000022d40000)]
  0x000000001f265800 JavaThread "Build operations Thread 6" [_thread_blocked, id=22636, stack(0x0000000022b40000,0x0000000022c40000)]
  0x000000001f261000 JavaThread "Build operations Thread 5" [_thread_blocked, id=4480, stack(0x0000000022a40000,0x0000000022b40000)]
  0x000000001f265000 JavaThread "Build operations Thread 4" [_thread_blocked, id=21120, stack(0x0000000022940000,0x0000000022a40000)]
  0x000000001f25e000 JavaThread "Build operations Thread 3" [_thread_blocked, id=15624, stack(0x0000000022840000,0x0000000022940000)]
  0x000000001f25c800 JavaThread "Build operations Thread 2" [_thread_blocked, id=13004, stack(0x00000000224a0000,0x00000000225a0000)]
  0x000000001f263800 JavaThread "Build operations" [_thread_blocked, id=6404, stack(0x00000000223a0000,0x00000000224a0000)]
  0x000000001cbcb000 JavaThread "Cache worker for file content cache (C:\Users\dnjsd\.gradle\caches\6.5\fileContent)" [_thread_blocked, id=4212, stack(0x0000000020ed0000,0x0000000020fd0000)]
  0x000000001cbc9800 JavaThread "jar transforms" [_thread_blocked, id=12100, stack(0x0000000020dd0000,0x0000000020ed0000)]
  0x000000001cbcc000 JavaThread "Cache worker for execution history cache (C:\Users\dnjsd\.gradle\caches\6.5\executionHistory)" [_thread_blocked, id=20952, stack(0x00000000206d0000,0x00000000207d0000)]
  0x000000001cbc9000 JavaThread "Cache worker for cache directory md-rule (C:\Users\dnjsd\.gradle\caches\6.5\md-rule)" [_thread_blocked, id=20332, stack(0x00000000205d0000,0x00000000206d0000)]
  0x000000001cbc8000 JavaThread "Cache worker for cache directory md-supplier (C:\Users\dnjsd\.gradle\caches\6.5\md-supplier)" [_thread_blocked, id=6616, stack(0x00000000204d0000,0x00000000205d0000)]
  0x000000001cbc7800 JavaThread "Cache worker for checksums cache (C:\Users\dnjsd\AndroidStudioProjects\hackerthonProject\.gradle\checksums)" [_thread_blocked, id=14452, stack(0x00000000203d0000,0x00000000204d0000)]
  0x000000001cbc5000 JavaThread "Cache worker for file hash cache (C:\Users\dnjsd\AndroidStudioProjects\hackerthonProject\.gradle\6.5\fileHashes)" [_thread_blocked, id=5320, stack(0x000000001fe70000,0x000000001ff70000)]
  0x000000001cbc6800 JavaThread "Cache worker for file hash cache (C:\Users\dnjsd\.gradle\caches\6.5\fileHashes)" [_thread_blocked, id=19696, stack(0x000000001eba0000,0x000000001eca0000)]
  0x000000001cbc6000 JavaThread "File lock request listener" [_thread_in_native, id=14544, stack(0x000000001eaa0000,0x000000001eba0000)]
  0x000000001b18a800 JavaThread "Cache worker for journal cache (C:\Users\dnjsd\.gradle\caches\journal-1)" [_thread_blocked, id=11824, stack(0x000000001e9a0000,0x000000001eaa0000)]
  0x000000001c183000 JavaThread "Thread-9" [_thread_blocked, id=14236, stack(0x000000001e6a0000,0x000000001e7a0000)]
  0x000000001c182800 JavaThread "Stdin handler" [_thread_blocked, id=20512, stack(0x000000001e5a0000,0x000000001e6a0000)]
  0x000000001c110000 JavaThread "Asynchronous log dispatcher for DefaultDaemonConnection: socket connection from /127.0.0.1:55242 to /127.0.0.1:55244" [_thread_blocked, id=21032, stack(0x000000001e4a0000,0x000000001e5a0000)]
  0x000000001c5e9800 JavaThread "Daemon worker" [_thread_blocked, id=5608, stack(0x000000001e3a0000,0x000000001e4a0000)]
  0x000000001c0cd000 JavaThread "Cancel handler" [_thread_blocked, id=14208, stack(0x000000001e1a0000,0x000000001e2a0000)]
  0x000000001c986800 JavaThread "Handler for socket connection from /127.0.0.1:55242 to /127.0.0.1:55244" [_thread_in_native, id=12508, stack(0x000000001e0a0000,0x000000001e1a0000)]
  0x000000001c97b800 JavaThread "Daemon" [_thread_blocked, id=16320, stack(0x000000001dfa0000,0x000000001e0a0000)]
  0x000000001c91a800 JavaThread "Daemon periodic checks" [_thread_blocked, id=10924, stack(0x000000001dca0000,0x000000001dda0000)]
  0x000000001c90a800 JavaThread "Incoming local TCP Connector on port 55242" [_thread_in_native, id=7340, stack(0x000000001dac0000,0x000000001dbc0000)]
  0x000000001aeb4800 JavaThread "Daemon health stats" [_thread_blocked, id=15152, stack(0x000000001c7f0000,0x000000001c8f0000)]
  0x000000001a0b3800 JavaThread "Service Thread" daemon [_thread_blocked, id=15620, stack(0x000000001ac20000,0x000000001ad20000)]
  0x000000001a02e000 JavaThread "C1 CompilerThread3" daemon [_thread_blocked, id=17824, stack(0x000000001ab20000,0x000000001ac20000)]
  0x00000000181de000 JavaThread "C2 CompilerThread2" daemon [_thread_blocked, id=12872, stack(0x000000001aa20000,0x000000001ab20000)]
=>0x000000001a025800 JavaThread "C2 CompilerThread1" daemon [_thread_in_native, id=22564, stack(0x000000001a920000,0x000000001aa20000)]
  0x0000000019fcd800 JavaThread "C2 CompilerThread0" daemon [_thread_blocked, id=22020, stack(0x000000001a820000,0x000000001a920000)]
  0x0000000019fcc800 JavaThread "Attach Listener" daemon [_thread_blocked, id=19932, stack(0x000000001a720000,0x000000001a820000)]
  0x0000000019fcb800 JavaThread "Signal Dispatcher" daemon [_thread_blocked, id=18256, stack(0x000000001a620000,0x000000001a720000)]
  0x000000000315e000 JavaThread "Finalizer" daemon [_thread_blocked, id=13472, stack(0x000000001a490000,0x000000001a590000)]
  0x0000000003157000 JavaThread "Reference Handler" daemon [_thread_blocked, id=5000, stack(0x000000001a390000,0x000000001a490000)]
  0x000000000305e800 JavaThread "main" [_thread_blocked, id=2696, stack(0x0000000002ed0000,0x0000000002fd0000)]

Other Threads:
  0x00000000181c6000 VMThread [stack: 0x0000000019e90000,0x0000000019f90000] [id=9124]
  0x000000001a0b4800 WatcherThread [stack: 0x000000001ad20000,0x000000001ae20000] [id=12200]

VM state:at safepoint (normal execution)

VM Mutex/Monitor currently owned by a thread:  ([mutex/lock_event])
[0x000000000305df40] Threads_lock - owner thread: 0x00000000181c6000
[0x000000000305d440] Heap_lock - owner thread: 0x000000001f265000

heap address: 0x0000000080000000, size: 2048 MB, Compressed Oops mode: 32-bit
Narrow klass base: 0x0000000000000000, Narrow klass shift: 3
Compressed class space size: 1073741824 Address: 0x0000000100000000

Heap:
 PSYoungGen      total 246272K, used 227594K [0x00000000d5580000, 0x00000000e6700000, 0x0000000100000000)
  eden space 220672K, 100% used [0x00000000d5580000,0x00000000e2d00000,0x00000000e2d00000)
  from space 25600K, 27% used [0x00000000e4e00000,0x00000000e54c2bc0,0x00000000e6700000)
  to   space 29696K, 30% used [0x00000000e2d00000,0x00000000e35ca718,0x00000000e4a00000)
 ParOldGen       total 187904K, used 81500K [0x0000000080000000, 0x000000008b780000, 0x00000000d5580000)
  object space 187904K, 43% used [0x0000000080000000,0x0000000084f97058,0x000000008b780000)
 Metaspace       used 81002K, capacity 85388K, committed 86360K, reserved 1124352K
  class space    used 11029K, capacity 11873K, committed 12160K, reserved 1048576K

Card table byte_map: [0x0000000012520000,0x0000000012930000] byte_map_base: 0x0000000012120000

Marking Bits: (ParMarkBitMap*) 0x0000000057e1f030
 Begin Bits: [0x00000000133e0000, 0x00000000153e0000)
 End Bits:   [0x00000000153e0000, 0x00000000173e0000)

Polling page: 0x0000000002b10000

CodeCache: size=245760Kb used=39825Kb max_used=39839Kb free=205934Kb
 bounds [0x0000000003160000, 0x00000000058b0000, 0x0000000012160000]
 total_blobs=12455 nmethods=11628 adapters=737
 compilation: enabled

Compilation events (10 events):
Event: 48.100 Thread 0x00000000181de000 nmethod 12361 0x0000000003d41ad0 code [0x0000000003d41c00, 0x0000000003d41c78]
Event: 48.100 Thread 0x00000000181de000 12362       4       com.android.tools.r8.ir.conversion.K::a (183 bytes)
Event: 48.106 Thread 0x00000000181de000 nmethod 12362 0x0000000004d62d10 code [0x0000000004d62e60, 0x0000000004d63078]
Event: 48.106 Thread 0x00000000181de000 13301       4       com.android.tools.r8.s.b.p::previous (13 bytes)
Event: 48.108 Thread 0x00000000181de000 nmethod 13301 0x000000000513d790 code [0x000000000513d8e0, 0x000000000513da58]
Event: 48.108 Thread 0x00000000181de000 12360       4       com.android.tools.r8.s.b.o::a (59 bytes)
Event: 48.108 Thread 0x00000000181de000 nmethod 12360 0x0000000003d7b690 code [0x0000000003d7b7c0, 0x0000000003d7b818]
Event: 48.109 Thread 0x00000000181de000 12427       4       com.android.tools.r8.s.b.o::n (52 bytes)
Event: 48.229 Thread 0x00000000181de000 nmethod 12427 0x0000000004c46c90 code [0x0000000004c46ec0, 0x0000000004c47c78]
Event: 48.235 Thread 0x00000000181de000 13832       4       com.android.tools.r8.ir.optimize.a0::a (425 bytes)

GC Heap History (10 events):
Event: 29.705 GC heap after
Heap after GC invocations=22 (full 3):
 PSYoungGen      total 186368K, used 21491K [0x00000000d5580000, 0x00000000e5600000, 0x0000000100000000)
  eden space 164864K, 0% used [0x00000000d5580000,0x00000000d5580000,0x00000000df680000)
  from space 21504K, 99% used [0x00000000df680000,0x00000000e0b7ccb8,0x00000000e0b80000)
  to   space 32768K, 0% used [0x00000000e3600000,0x00000000e3600000,0x00000000e5600000)
 ParOldGen       total 104960K, used 71802K [0x0000000080000000, 0x0000000086680000, 0x00000000d5580000)
  object space 104960K, 68% used [0x0000000080000000,0x000000008461e858,0x0000000086680000)
 Metaspace       used 79108K, capacity 83568K, committed 83800K, reserved 1122304K
  class space    used 10989K, capacity 11895K, committed 11904K, reserved 1048576K
}
Event: 32.408 GC heap before
{Heap before GC invocations=23 (full 3):
 PSYoungGen      total 186368K, used 186355K [0x00000000d5580000, 0x00000000e5600000, 0x0000000100000000)
  eden space 164864K, 100% used [0x00000000d5580000,0x00000000df680000,0x00000000df680000)
  from space 21504K, 99% used [0x00000000df680000,0x00000000e0b7ccb8,0x00000000e0b80000)
  to   space 32768K, 0% used [0x00000000e3600000,0x00000000e3600000,0x00000000e5600000)
 ParOldGen       total 104960K, used 71802K [0x0000000080000000, 0x0000000086680000, 0x00000000d5580000)
  object space 104960K, 68% used [0x0000000080000000,0x000000008461e858,0x0000000086680000)
 Metaspace       used 80698K, capacity 85576K, committed 85848K, reserved 1122304K
  class space    used 11132K, capacity 12087K, committed 12160K, reserved 1048576K
Event: 32.713 GC heap after
Heap after GC invocations=23 (full 3):
 PSYoungGen      total 230912K, used 6487K [0x00000000d5580000, 0x00000000e5a80000, 0x0000000100000000)
  eden space 198144K, 0% used [0x00000000d5580000,0x00000000d5580000,0x00000000e1700000)
  from space 32768K, 19% used [0x00000000e3600000,0x00000000e3c55f30,0x00000000e5600000)
  to   space 31744K, 0% used [0x00000000e1700000,0x00000000e1700000,0x00000000e3600000)
 ParOldGen       total 104960K, used 92702K [0x0000000080000000, 0x0000000086680000, 0x00000000d5580000)
  object space 104960K, 88% used [0x0000000080000000,0x0000000085a878d8,0x0000000086680000)
 Metaspace       used 80698K, capacity 85576K, committed 85848K, reserved 1122304K
  class space    used 11132K, capacity 12087K, committed 12160K, reserved 1048576K
}
Event: 32.724 GC heap before
{Heap before GC invocations=24 (full 4):
 PSYoungGen      total 230912K, used 6487K [0x00000000d5580000, 0x00000000e5a80000, 0x0000000100000000)
  eden space 198144K, 0% used [0x00000000d5580000,0x00000000d5580000,0x00000000e1700000)
  from space 32768K, 19% used [0x00000000e3600000,0x00000000e3c55f30,0x00000000e5600000)
  to   space 31744K, 0% used [0x00000000e1700000,0x00000000e1700000,0x00000000e3600000)
 ParOldGen       total 104960K, used 92702K [0x0000000080000000, 0x0000000086680000, 0x00000000d5580000)
  object space 104960K, 88% used [0x0000000080000000,0x0000000085a878d8,0x0000000086680000)
 Metaspace       used 80698K, capacity 85576K, committed 85848K, reserved 1122304K
  class space    used 11132K, capacity 12087K, committed 12160K, reserved 1048576K
Event: 37.519 GC heap after
Heap after GC invocations=24 (full 4):
 PSYoungGen      total 230912K, used 0K [0x00000000d5580000, 0x00000000e5a80000, 0x0000000100000000)
  eden space 198144K, 0% used [0x00000000d5580000,0x00000000d5580000,0x00000000e1700000)
  from space 32768K, 0% used [0x00000000e3600000,0x00000000e3600000,0x00000000e5600000)
  to   space 31744K, 0% used [0x00000000e1700000,0x00000000e1700000,0x00000000e3600000)
 ParOldGen       total 187904K, used 81484K [0x0000000080000000, 0x000000008b780000, 0x00000000d5580000)
  object space 187904K, 43% used [0x0000000080000000,0x0000000084f93058,0x000000008b780000)
 Metaspace       used 80239K, capacity 84484K, committed 85848K, reserved 1122304K
  class space    used 10967K, capacity 11791K, committed 12160K, reserved 1048576K
}
Event: 42.386 GC heap before
{Heap before GC invocations=25 (full 4):
 PSYoungGen      total 230912K, used 198144K [0x00000000d5580000, 0x00000000e5a80000, 0x0000000100000000)
  eden space 198144K, 100% used [0x00000000d5580000,0x00000000e1700000,0x00000000e1700000)
  from space 32768K, 0% used [0x00000000e3600000,0x00000000e3600000,0x00000000e5600000)
  to   space 31744K, 0% used [0x00000000e1700000,0x00000000e1700000,0x00000000e3600000)
 ParOldGen       total 187904K, used 81484K [0x0000000080000000, 0x000000008b780000, 0x00000000d5580000)
  object space 187904K, 43% used [0x0000000080000000,0x0000000084f93058,0x000000008b780000)
 Metaspace       used 80695K, capacity 85046K, committed 86104K, reserved 1124352K
  class space    used 11009K, capacity 11826K, committed 12160K, reserved 1048576K
Event: 42.466 GC heap after
Heap after GC invocations=25 (full 4):
 PSYoungGen      total 229888K, used 4890K [0x00000000d5580000, 0x00000000e6c80000, 0x0000000100000000)
  eden space 198144K, 0% used [0x00000000d5580000,0x00000000d5580000,0x00000000e1700000)
  from space 31744K, 15% used [0x00000000e1700000,0x00000000e1bc6900,0x00000000e3600000)
  to   space 31232K, 0% used [0x00000000e4e00000,0x00000000e4e00000,0x00000000e6c80000)
 ParOldGen       total 187904K, used 81492K [0x0000000080000000, 0x000000008b780000, 0x00000000d5580000)
  object space 187904K, 43% used [0x0000000080000000,0x0000000084f95058,0x000000008b780000)
 Metaspace       used 80695K, capacity 85046K, committed 86104K, reserved 1124352K
  class space    used 11009K, capacity 11826K, committed 12160K, reserved 1048576K
}
Event: 44.783 GC heap before
{Heap before GC invocations=26 (full 4):
 PSYoungGen      total 229888K, used 203034K [0x00000000d5580000, 0x00000000e6c80000, 0x0000000100000000)
  eden space 198144K, 100% used [0x00000000d5580000,0x00000000e1700000,0x00000000e1700000)
  from space 31744K, 15% used [0x00000000e1700000,0x00000000e1bc6900,0x00000000e3600000)
  to   space 31232K, 0% used [0x00000000e4e00000,0x00000000e4e00000,0x00000000e6c80000)
 ParOldGen       total 187904K, used 81492K [0x0000000080000000, 0x000000008b780000, 0x00000000d5580000)
  object space 187904K, 43% used [0x0000000080000000,0x0000000084f95058,0x000000008b780000)
 Metaspace       used 80870K, capacity 85244K, committed 86104K, reserved 1124352K
  class space    used 11029K, capacity 11873K, committed 12160K, reserved 1048576K
Event: 44.832 GC heap after
Heap after GC invocations=26 (full 4):
 PSYoungGen      total 246272K, used 6922K [0x00000000d5580000, 0x00000000e6700000, 0x0000000100000000)
  eden space 220672K, 0% used [0x00000000d5580000,0x00000000d5580000,0x00000000e2d00000)
  from space 25600K, 27% used [0x00000000e4e00000,0x00000000e54c2bc0,0x00000000e6700000)
  to   space 29696K, 0% used [0x00000000e2d00000,0x00000000e2d00000,0x00000000e4a00000)
 ParOldGen       total 187904K, used 81500K [0x0000000080000000, 0x000000008b780000, 0x00000000d5580000)
  object space 187904K, 43% used [0x0000000080000000,0x0000000084f97058,0x000000008b780000)
 Metaspace       used 80870K, capacity 85244K, committed 86104K, reserved 1124352K
  class space    used 11029K, capacity 11873K, committed 12160K, reserved 1048576K
}
Event: 48.493 GC heap before
{Heap before GC invocations=27 (full 4):
 PSYoungGen      total 246272K, used 227594K [0x00000000d5580000, 0x00000000e6700000, 0x0000000100000000)
  eden space 220672K, 100% used [0x00000000d5580000,0x00000000e2d00000,0x00000000e2d00000)
  from space 25600K, 27% used [0x00000000e4e00000,0x00000000e54c2bc0,0x00000000e6700000)
  to   space 29696K, 0% used [0x00000000e2d00000,0x00000000e2d00000,0x00000000e4a00000)
 ParOldGen       total 187904K, used 81500K [0x0000000080000000, 0x000000008b780000, 0x00000000d5580000)
  object space 187904K, 43% used [0x0000000080000000,0x0000000084f97058,0x000000008b780000)
 Metaspace       used 81002K, capacity 85388K, committed 86360K, reserved 1124352K
  class space    used 11029K, capacity 11873K, committed 12160K, reserved 1048576K

Deoptimization events (10 events):
Event: 45.429 Thread 0x000000001f265000 Uncommon trap: reason=unstable_if action=reinterpret pc=0x0000000004c77224 method=com.android.tools.r8.t.a.a.a.f.X$e.contains(Ljava/lang/Object;)Z @ 176
Event: 45.470 Thread 0x000000001f265000 Uncommon trap: reason=unstable_if action=reinterpret pc=0x00000000055b000c method=com.android.tools.r8.ir.regalloc.a.a(Lcom/android/tools/r8/ir/regalloc/a$a;Z)Lcom/android/tools/r8/ir/regalloc/a$a; @ 3007
Event: 46.765 Thread 0x000000001f265000 Uncommon trap: reason=unstable_if action=reinterpret pc=0x00000000032fc404 method=com.android.tools.r8.t.a.a.a.f.X$e.contains(Ljava/lang/Object;)Z @ 71
Event: 46.947 Thread 0x000000001f265000 Uncommon trap: reason=class_check action=maybe_recompile pc=0x0000000005818950 method=com.android.tools.r8.ir.optimize.r.a(Lcom/android/tools/r8/s/b/X;Lcom/android/tools/r8/utils/n1;)V @ 277
Event: 46.987 Thread 0x000000001f265800 Uncommon trap: reason=array_check action=maybe_recompile pc=0x0000000004d3f8c8 method=java.util.TimSort.reverseRange([Ljava/lang/Object;II)V @ 20
Event: 46.987 Thread 0x000000001f265800 Uncommon trap: reason=array_check action=maybe_recompile pc=0x0000000004d3f8c8 method=java.util.TimSort.reverseRange([Ljava/lang/Object;II)V @ 20
Event: 46.987 Thread 0x000000001f265800 Uncommon trap: reason=array_check action=maybe_recompile pc=0x0000000004d3f8c8 method=java.util.TimSort.reverseRange([Ljava/lang/Object;II)V @ 20
Event: 47.081 Thread 0x000000001f265800 Uncommon trap: reason=null_check action=make_not_entrant pc=0x0000000004b95f84 method=com.android.tools.r8.graph.i0.computeEquals(Ljava/lang/Object;)Z @ 1
Event: 47.124 Thread 0x000000001f265800 Uncommon trap: reason=unstable_if action=reinterpret pc=0x000000000497f3b0 method=com.android.tools.r8.graph.d0.computeEquals(Ljava/lang/Object;)Z @ 51
Event: 47.938 Thread 0x000000001f265000 Uncommon trap: reason=class_check action=maybe_recompile pc=0x0000000005818950 method=com.android.tools.r8.ir.optimize.r.a(Lcom/android/tools/r8/s/b/X;Lcom/android/tools/r8/utils/n1;)V @ 277

Classes redefined (0 events):
No events

Internal exceptions (10 events):
Event: 26.900 Thread 0x000000001f25c800 Exception <a 'java/lang/IncompatibleClassChangeError': Found class java.lang.Object, but interface was expected> (0x00000000d79404b0) thrown at [C:\src\AOSP-openjdk-git\hotspot\src\share\vm\interpreter\linkResolver.cpp, line 653]
Event: 26.900 Thread 0x000000001f262000 Exception <a 'java/lang/IncompatibleClassChangeError': Found class java.lang.Object, but interface was expected> (0x00000000d7585738) thrown at [C:\src\AOSP-openjdk-git\hotspot\src\share\vm\interpreter\linkResolver.cpp, line 653]
Event: 28.161 Thread 0x000000001f265800 Exception <a 'java/lang/NoSuchMethodError': java.lang.Object.b(Lcom/android/tools/r8/graph/n1$b;)Lcom/android/tools/r8/graph/n1$b;> (0x00000000dc576f70) thrown at [C:\src\AOSP-openjdk-git\hotspot\src\share\vm\interpreter\linkResolver.cpp, line 620]
Event: 28.220 Thread 0x000000001f265800 Exception <a 'java/lang/NoSuchMethodError': java.lang.Object.lambda$maxBy$1(Ljava/util/Comparator;Ljava/lang/Object;Ljava/lang/Object;)Ljava/lang/Object;> (0x00000000dc99b518) thrown at [C:\src\AOSP-openjdk-git\hotspot\src\share\vm\interpreter\linkResolve
Event: 28.220 Thread 0x000000001f262000 Exception <a 'java/lang/NoSuchMethodError': java.lang.Object.lambda$maxBy$1(Ljava/util/Comparator;Ljava/lang/Object;Ljava/lang/Object;)Ljava/lang/Object;> (0x00000000dc9490d8) thrown at [C:\src\AOSP-openjdk-git\hotspot\src\share\vm\interpreter\linkResolve
Event: 30.418 Thread 0x000000001f263800 Exception <a 'sun/nio/fs/WindowsException'> (0x00000000d7d48f88) thrown at [C:\src\AOSP-openjdk-git\hotspot\src\share\vm\prims\jni.cpp, line 710]
Event: 40.442 Thread 0x000000001f25c800 Exception <a 'sun/nio/fs/WindowsException'> (0x00000000dd847db0) thrown at [C:\src\AOSP-openjdk-git\hotspot\src\share\vm\prims\jni.cpp, line 710]
Event: 43.296 Thread 0x000000001f262000 Exception <a 'sun/nio/fs/WindowsException'> (0x00000000db90ea88) thrown at [C:\src\AOSP-openjdk-git\hotspot\src\share\vm\prims\jni.cpp, line 710]
Event: 47.077 Thread 0x000000001f265800 Implicit null exception at 0x0000000004b95e0f to 0x0000000004b95f79
Event: 47.323 Thread 0x000000001f265800 Exception <a 'sun/nio/fs/WindowsException'> (0x00000000e0fb00a0) thrown at [C:\src\AOSP-openjdk-git\hotspot\src\share\vm\prims\jni.cpp, line 710]

Events (10 events):
Event: 47.755 Thread 0x000000001f265800 DEOPT PACKING pc=0x0000000004829f84 sp=0x0000000022c3c970
Event: 47.756 Thread 0x000000001f265800 DEOPT UNPACKING pc=0x00000000031a71d0 sp=0x0000000022c3c6a0 mode 0
Event: 47.784 Thread 0x000000001f265800 DEOPT PACKING pc=0x00000000044caaac sp=0x0000000022c3ee80
Event: 47.784 Thread 0x000000001f265800 DEOPT UNPACKING pc=0x00000000031a71d0 sp=0x0000000022c3eca0 mode 0
Event: 47.938 Thread 0x000000001f265000 Uncommon trap: trap_request=0xffffffde fr.pc=0x0000000005818950
Event: 47.938 Thread 0x000000001f265000 DEOPT PACKING pc=0x0000000005818950 sp=0x0000000022a3a4d0
Event: 47.938 Thread 0x000000001f265000 DEOPT UNPACKING pc=0x00000000031a557b sp=0x0000000022a3a540 mode 2
Event: 48.166 Thread 0x000000001f265000 DEOPT PACKING pc=0x000000000567a055 sp=0x0000000022a3a1a0
Event: 48.169 Thread 0x000000001f265000 DEOPT UNPACKING pc=0x00000000031a71d0 sp=0x0000000022a39fe8 mode 0
Event: 48.478 Executing VM operation: ParallelGCFailedAllocation


Dynamic libraries:
0x00007ff672da0000 - 0x00007ff672dd1000 	C:\Program Files\Android\Android Studio\jre\bin\java.exe
0x00007ffd10c90000 - 0x00007ffd10e85000 	C:\WINDOWS\SYSTEM32\ntdll.dll
0x00007ffd0f850000 - 0x00007ffd0f90d000 	C:\WINDOWS\System32\KERNEL32.DLL
0x00007ffd0e8e0000 - 0x00007ffd0eba9000 	C:\WINDOWS\System32\KERNELBASE.dll
0x00007ffd0f520000 - 0x00007ffd0f5cc000 	C:\WINDOWS\System32\ADVAPI32.dll
0x00007ffd10050000 - 0x00007ffd100ee000 	C:\WINDOWS\System32\msvcrt.dll
0x00007ffd0f350000 - 0x00007ffd0f3eb000 	C:\WINDOWS\System32\sechost.dll
0x00007ffd0ecf0000 - 0x00007ffd0ee1a000 	C:\WINDOWS\System32\RPCRT4.dll
0x00007ffd0f0a0000 - 0x00007ffd0f240000 	C:\WINDOWS\System32\USER32.dll
0x00007ffd0e760000 - 0x00007ffd0e782000 	C:\WINDOWS\System32\win32u.dll
0x00007ffd0f3f0000 - 0x00007ffd0f41a000 	C:\WINDOWS\System32\GDI32.dll
0x00007ffd0ebe0000 - 0x00007ffd0eceb000 	C:\WINDOWS\System32\gdi32full.dll
0x00007ffd0e840000 - 0x00007ffd0e8dd000 	C:\WINDOWS\System32\msvcp_win.dll
0x00007ffd0e660000 - 0x00007ffd0e760000 	C:\WINDOWS\System32\ucrtbase.dll
0x00007ffcfd510000 - 0x00007ffcfd7aa000 	C:\WINDOWS\WinSxS\amd64_microsoft.windows.common-controls_6595b64144ccf1df_6.0.19041.1110_none_60b5254171f9507e\COMCTL32.dll
0x00007ffd10ba0000 - 0x00007ffd10bd0000 	C:\WINDOWS\System32\IMM32.DLL
0x0000000057490000 - 0x0000000057562000 	C:\Program Files\Android\Android Studio\jre\jre\bin\msvcr100.dll
0x0000000057650000 - 0x0000000057e9b000 	C:\Program Files\Android\Android Studio\jre\jre\bin\server\jvm.dll
0x00007ffd107c0000 - 0x00007ffd107c8000 	C:\WINDOWS\System32\PSAPI.DLL
0x00007ffd013d0000 - 0x00007ffd013da000 	C:\WINDOWS\SYSTEM32\VERSION.dll
0x00007ffcfdc70000 - 0x00007ffcfdc97000 	C:\WINDOWS\SYSTEM32\WINMM.dll
0x00007ffcf54e0000 - 0x00007ffcf54e9000 	C:\WINDOWS\SYSTEM32\WSOCK32.dll
0x00007ffd0f030000 - 0x00007ffd0f09b000 	C:\WINDOWS\System32\WS2_32.dll
0x00007ffd04230000 - 0x00007ffd0423f000 	C:\Program Files\Android\Android Studio\jre\jre\bin\verify.dll
0x00007ffd02bb0000 - 0x00007ffd02bd9000 	C:\Program Files\Android\Android Studio\jre\jre\bin\java.dll
0x00007ffd03350000 - 0x00007ffd03366000 	C:\Program Files\Android\Android Studio\jre\jre\bin\zip.dll
0x00007ffd0f910000 - 0x00007ffd1004f000 	C:\WINDOWS\System32\SHELL32.dll
0x00007ffd0c4d0000 - 0x00007ffd0cc60000 	C:\WINDOWS\SYSTEM32\windows.storage.dll
0x00007ffd107e0000 - 0x00007ffd10b35000 	C:\WINDOWS\System32\combase.dll
0x00007ffd0ddb0000 - 0x00007ffd0dddc000 	C:\WINDOWS\SYSTEM32\Wldp.dll
0x00007ffd0f660000 - 0x00007ffd0f70e000 	C:\WINDOWS\System32\SHCORE.dll
0x00007ffd10b40000 - 0x00007ffd10b95000 	C:\WINDOWS\System32\shlwapi.dll
0x00007ffd0e300000 - 0x00007ffd0e31f000 	C:\WINDOWS\SYSTEM32\profapi.dll
0x00007ffcfc180000 - 0x00007ffcfc19a000 	C:\Program Files\Android\Android Studio\jre\jre\bin\net.dll
0x00007ffd0dab0000 - 0x00007ffd0db1a000 	C:\WINDOWS\system32\mswsock.dll
0x00007ffcfa290000 - 0x00007ffcfa2a3000 	C:\Program Files\Android\Android Studio\jre\jre\bin\nio.dll
0x00007ffcf7e60000 - 0x00007ffcf7e87000 	C:\Users\dnjsd\.gradle\native\f6784746aeab05261644944871eae4fe03e0ef1612fff0a4a95f87b438bc6780\windows-amd64\native-platform.dll
0x00007ffd03ed0000 - 0x00007ffd03edd000 	C:\Program Files\Android\Android Studio\jre\jre\bin\management.dll
0x00007ffd0dd10000 - 0x00007ffd0dd28000 	C:\WINDOWS\SYSTEM32\CRYPTSP.dll
0x00007ffd0d430000 - 0x00007ffd0d464000 	C:\WINDOWS\system32\rsaenh.dll
0x00007ffd0ebb0000 - 0x00007ffd0ebd7000 	C:\WINDOWS\System32\bcrypt.dll
0x00007ffd0e2c0000 - 0x00007ffd0e2ee000 	C:\WINDOWS\SYSTEM32\USERENV.dll
0x00007ffd0e420000 - 0x00007ffd0e4a3000 	C:\WINDOWS\System32\bcryptprimitives.dll
0x00007ffd0dd00000 - 0x00007ffd0dd0c000 	C:\WINDOWS\SYSTEM32\CRYPTBASE.dll
0x00007ffd0d7a0000 - 0x00007ffd0d7db000 	C:\WINDOWS\SYSTEM32\IPHLPAPI.DLL
0x00007ffd107d0000 - 0x00007ffd107d8000 	C:\WINDOWS\System32\NSI.dll
0x00007ffd07e30000 - 0x00007ffd07e47000 	C:\WINDOWS\SYSTEM32\dhcpcsvc6.DLL
0x00007ffd08090000 - 0x00007ffd080ad000 	C:\WINDOWS\SYSTEM32\dhcpcsvc.DLL
0x00007ffd0d7e0000 - 0x00007ffd0d8ac000 	C:\WINDOWS\SYSTEM32\DNSAPI.dll
0x00007ffd081e0000 - 0x00007ffd081eb000 	C:\WINDOWS\SYSTEM32\WINNSI.DLL

VM Arguments:
jvm_args: -Xmx2048m -Dfile.encoding=UTF-8 -Duser.country=KR -Duser.language=ko -Duser.variant 
java_command: org.gradle.launcher.daemon.bootstrap.GradleDaemon 6.5
java_class_path (initial): C:\Users\dnjsd\.gradle\wrapper\dists\gradle-6.5-bin\6nifqtx7604sqp1q6g8wikw7p\gradle-6.5\lib\gradle-launcher-6.5.jar
Launcher Type: SUN_STANDARD

Environment Variables:
JAVA_HOME=C:\Program Files\Java\jdk-11.0.11
CLASSPATH=.C:\Program Files\Java\jdk-11.0.11\lib\tools.jar
PATH=C:\Program Files (x86)\NAT Service;C:\Python27\;C:\Python27\Scripts;C:\WINDOWS\system32;C:\WINDOWS;C:\WINDOWS\System32\Wbem;C:\WINDOWS\System32\WindowsPowerShell\v1.0\;C:\WINDOWS\System32\OpenSSH\;C:\Program Files\nodejs\;C:\Program Files\Git\cmd;C:\Program Files\MySQL\MySQL Server 8.0\bin;C:\Program Files\PuTTY\;C:\Users\dnjsd\AppData\Local\Android\Sdk\plafrom-tools;C:\ProgramData\chocolatey\bin;C:\Program Files\OpenJDK\openjdk-8u262-b10\bin;C:\Program Files\Java\jdk-11.0.11bin;C:\Users\dnjsd\AppData\Local\Programs\Python\Python39\Scripts\;C:\Users\dnjsd\AppData\Local\Programs\Python\Python39\;C:\Program Files\MySQL\MySQL Shell 8.0\bin\;C:\Users\dnjsd\AppData\Local\Microsoft\WindowsApps;C:\Program Files\Bandizip\;C:\Users\dnjsd\AppData\Roaming\npm;C:\Users\dnjsd\AppData\Local\Android\Sdk\emulator;C:\Users\dnjsd\AppData\Local\Android\Sdk\platform-tools;C:\Users\dnjsd\AppData\Local\Android\Sdk\tools;C:\Program Files\Java\jdk-11.0.11\bin;C:\Users\dnjsd\AppData\Local\Programs\Microsoft VS Code\bin;C:\Program Files\JetBrains\IntelliJ IDEA Community Edition 2021.1\bin;
USERNAME=dnjsd
OS=Windows_NT
PROCESSOR_IDENTIFIER=AMD64 Family 23 Model 24 Stepping 1, AuthenticAMD



---------------  S Y S T E M  ---------------

OS: Windows 10.0 , 64 bit Build 19041 (10.0.19041.1151)

CPU:total 8 (initial active 8) (8 cores per cpu, 1 threads per core) family 23 model 24 stepping 1, cmov, cx8, fxsr, mmx, sse, sse2, sse3, ssse3, sse4.1, sse4.2, popcnt, avx, avx2, aes, clmul, mmxext, 3dnowpref, lzcnt, sse4a, tsc, tscinvbit, tscinv, bmi1

Memory: 4k page, physical 6237504k(121204k free), swap 25111872k(3728k free)

vm_info: OpenJDK 64-Bit Server VM (25.242-b01) for windows-amd64 JRE (1.8.0_242-release-1644-b01), built by "builder" with MS VC++ 10.0 (VS2010)

time: Fri Aug 20 16:40:21 2021
timezone: 대한민국 표준시
elapsed time: 48 seconds (0d 0h 0m 48s)

